[0.241s] Invoking command in '/root/ros/demo_code/ros2_ws/src/py_model': PYTHONPATH=/root/ros/demo_code/ros2_ws/build/py_model/prefix_override:/root/ros/demo_code/ros2_ws/install/py_model/lib/python3.10/site-packages:${PYTHONPATH} /usr/bin/python3 -W ignore:setup.py install is deprecated setup.py egg_info --egg-base ../../build/py_model build --build-base /root/ros/demo_code/ros2_ws/build/py_model/build install --record /root/ros/demo_code/ros2_ws/build/py_model/install.log --single-version-externally-managed install_data
[0.328s] running egg_info
[0.329s] writing ../../build/py_model/py_model.egg-info/PKG-INFO
[0.329s] writing dependency_links to ../../build/py_model/py_model.egg-info/dependency_links.txt
[0.329s] writing entry points to ../../build/py_model/py_model.egg-info/entry_points.txt
[0.329s] writing requirements to ../../build/py_model/py_model.egg-info/requires.txt
[0.329s] writing top-level names to ../../build/py_model/py_model.egg-info/top_level.txt
[0.330s] reading manifest file '../../build/py_model/py_model.egg-info/SOURCES.txt'
[0.330s] adding license file 'LICENSE'
[0.330s] writing manifest file '../../build/py_model/py_model.egg-info/SOURCES.txt'
[0.330s] running build
[0.331s] running build_py
[0.331s] copying py_model/predictor.py -> /root/ros/demo_code/ros2_ws/build/py_model/build/lib/py_model
[0.331s] running install
[0.331s] running install_lib
[0.331s] copying /root/ros/demo_code/ros2_ws/build/py_model/build/lib/py_model/predictor.py -> /root/ros/demo_code/ros2_ws/install/py_model/lib/python3.10/site-packages/py_model
[0.332s] byte-compiling /root/ros/demo_code/ros2_ws/install/py_model/lib/python3.10/site-packages/py_model/predictor.py to predictor.cpython-310.pyc
[0.332s] running install_data
[0.332s] running install_egg_info
[0.333s] removing '/root/ros/demo_code/ros2_ws/install/py_model/lib/python3.10/site-packages/py_model-0.0.0-py3.10.egg-info' (and everything under it)
[0.333s] Copying ../../build/py_model/py_model.egg-info to /root/ros/demo_code/ros2_ws/install/py_model/lib/python3.10/site-packages/py_model-0.0.0-py3.10.egg-info
[0.334s] running install_scripts
[0.342s] Installing prediction script to /root/ros/demo_code/ros2_ws/install/py_model/lib/py_model
[0.342s] Installing sensores script to /root/ros/demo_code/ros2_ws/install/py_model/lib/py_model
[0.343s] writing list of installed files to '/root/ros/demo_code/ros2_ws/build/py_model/install.log'
[0.353s] Invoked command in '/root/ros/demo_code/ros2_ws/src/py_model' returned '0': PYTHONPATH=/root/ros/demo_code/ros2_ws/build/py_model/prefix_override:/root/ros/demo_code/ros2_ws/install/py_model/lib/python3.10/site-packages:${PYTHONPATH} /usr/bin/python3 -W ignore:setup.py install is deprecated setup.py egg_info --egg-base ../../build/py_model build --build-base /root/ros/demo_code/ros2_ws/build/py_model/build install --record /root/ros/demo_code/ros2_ws/build/py_model/install.log --single-version-externally-managed install_data
