[0.227s] Invoking command in '/root/ros/demo_code/ros2_ws/src/py_pubsub': PYTHONPATH=/root/ros/demo_code/ros2_ws/src/build/py_pubsub/prefix_override:/root/ros/demo_code/ros2_ws/src/install/py_pubsub/lib/python3.10/site-packages:${PYTHONPATH} /usr/bin/python3 -W ignore:setup.py install is deprecated setup.py egg_info --egg-base ../build/py_pubsub build --build-base /root/ros/demo_code/ros2_ws/src/build/py_pubsub/build install --record /root/ros/demo_code/ros2_ws/src/build/py_pubsub/install.log --single-version-externally-managed install_data
[0.306s] running egg_info
[0.306s] creating ../build/py_pubsub/py_pubsub.egg-info
[0.307s] writing ../build/py_pubsub/py_pubsub.egg-info/PKG-INFO
[0.307s] writing dependency_links to ../build/py_pubsub/py_pubsub.egg-info/dependency_links.txt
[0.307s] writing entry points to ../build/py_pubsub/py_pubsub.egg-info/entry_points.txt
[0.307s] writing requirements to ../build/py_pubsub/py_pubsub.egg-info/requires.txt
[0.307s] writing top-level names to ../build/py_pubsub/py_pubsub.egg-info/top_level.txt
[0.307s] writing manifest file '../build/py_pubsub/py_pubsub.egg-info/SOURCES.txt'
[0.309s] reading manifest file '../build/py_pubsub/py_pubsub.egg-info/SOURCES.txt'
[0.309s] adding license file 'LICENSE'
[0.309s] writing manifest file '../build/py_pubsub/py_pubsub.egg-info/SOURCES.txt'
[0.310s] running build
[0.310s] running build_py
[0.310s] creating /root/ros/demo_code/ros2_ws/src/build/py_pubsub/build
[0.310s] creating /root/ros/demo_code/ros2_ws/src/build/py_pubsub/build/lib
[0.310s] creating /root/ros/demo_code/ros2_ws/src/build/py_pubsub/build/lib/py_pubsub
[0.310s] copying py_pubsub/__init__.py -> /root/ros/demo_code/ros2_ws/src/build/py_pubsub/build/lib/py_pubsub
[0.310s] copying py_pubsub/publisher.py -> /root/ros/demo_code/ros2_ws/src/build/py_pubsub/build/lib/py_pubsub
[0.310s] copying py_pubsub/subscriber.py -> /root/ros/demo_code/ros2_ws/src/build/py_pubsub/build/lib/py_pubsub
[0.310s] running install
[0.310s] running install_lib
[0.311s] creating /root/ros/demo_code/ros2_ws/src/install/py_pubsub/lib/python3.10/site-packages/py_pubsub
[0.311s] copying /root/ros/demo_code/ros2_ws/src/build/py_pubsub/build/lib/py_pubsub/__init__.py -> /root/ros/demo_code/ros2_ws/src/install/py_pubsub/lib/python3.10/site-packages/py_pubsub
[0.311s] copying /root/ros/demo_code/ros2_ws/src/build/py_pubsub/build/lib/py_pubsub/publisher.py -> /root/ros/demo_code/ros2_ws/src/install/py_pubsub/lib/python3.10/site-packages/py_pubsub
[0.311s] copying /root/ros/demo_code/ros2_ws/src/build/py_pubsub/build/lib/py_pubsub/subscriber.py -> /root/ros/demo_code/ros2_ws/src/install/py_pubsub/lib/python3.10/site-packages/py_pubsub
[0.311s] byte-compiling /root/ros/demo_code/ros2_ws/src/install/py_pubsub/lib/python3.10/site-packages/py_pubsub/__init__.py to __init__.cpython-310.pyc
[0.311s] byte-compiling /root/ros/demo_code/ros2_ws/src/install/py_pubsub/lib/python3.10/site-packages/py_pubsub/publisher.py to publisher.cpython-310.pyc
[0.312s] byte-compiling /root/ros/demo_code/ros2_ws/src/install/py_pubsub/lib/python3.10/site-packages/py_pubsub/subscriber.py to subscriber.cpython-310.pyc
[0.312s] running install_data
[0.312s] creating /root/ros/demo_code/ros2_ws/src/install/py_pubsub/share/ament_index
[0.312s] creating /root/ros/demo_code/ros2_ws/src/install/py_pubsub/share/ament_index/resource_index
[0.312s] creating /root/ros/demo_code/ros2_ws/src/install/py_pubsub/share/ament_index/resource_index/packages
[0.312s] copying resource/py_pubsub -> /root/ros/demo_code/ros2_ws/src/install/py_pubsub/share/ament_index/resource_index/packages
[0.312s] copying package.xml -> /root/ros/demo_code/ros2_ws/src/install/py_pubsub/share/py_pubsub
[0.312s] running install_egg_info
[0.313s] Copying ../build/py_pubsub/py_pubsub.egg-info to /root/ros/demo_code/ros2_ws/src/install/py_pubsub/lib/python3.10/site-packages/py_pubsub-0.0.0-py3.10.egg-info
[0.314s] running install_scripts
[0.322s] Installing listener script to /root/ros/demo_code/ros2_ws/src/install/py_pubsub/lib/py_pubsub
[0.322s] Installing talker script to /root/ros/demo_code/ros2_ws/src/install/py_pubsub/lib/py_pubsub
[0.323s] writing list of installed files to '/root/ros/demo_code/ros2_ws/src/build/py_pubsub/install.log'
[0.333s] Invoked command in '/root/ros/demo_code/ros2_ws/src/py_pubsub' returned '0': PYTHONPATH=/root/ros/demo_code/ros2_ws/src/build/py_pubsub/prefix_override:/root/ros/demo_code/ros2_ws/src/install/py_pubsub/lib/python3.10/site-packages:${PYTHONPATH} /usr/bin/python3 -W ignore:setup.py install is deprecated setup.py egg_info --egg-base ../build/py_pubsub build --build-base /root/ros/demo_code/ros2_ws/src/build/py_pubsub/build install --record /root/ros/demo_code/ros2_ws/src/build/py_pubsub/install.log --single-version-externally-managed install_data
