/root/ros/demo_code/ros2_ws/install/py_model/lib/python3.10/site-packages/py_model/predictor.py
/root/ros/demo_code/ros2_ws/install/py_model/lib/python3.10/site-packages/py_model/__init__.py
/root/ros/demo_code/ros2_ws/install/py_model/lib/python3.10/site-packages/py_model/publisher_sensors.py
/root/ros/demo_code/ros2_ws/install/py_model/lib/python3.10/site-packages/py_model/model_pt/__init__.py
/root/ros/demo_code/ros2_ws/install/py_model/lib/python3.10/site-packages/py_model/model_pt/train.py
/root/ros/demo_code/ros2_ws/install/py_model/lib/python3.10/site-packages/py_model/model_pt/predict.py
/root/ros/demo_code/ros2_ws/install/py_model/lib/python3.10/site-packages/py_model/__pycache__/predictor.cpython-310.pyc
/root/ros/demo_code/ros2_ws/install/py_model/lib/python3.10/site-packages/py_model/__pycache__/__init__.cpython-310.pyc
/root/ros/demo_code/ros2_ws/install/py_model/lib/python3.10/site-packages/py_model/__pycache__/publisher_sensors.cpython-310.pyc
/root/ros/demo_code/ros2_ws/install/py_model/lib/python3.10/site-packages/py_model/model_pt/__pycache__/__init__.cpython-310.pyc
/root/ros/demo_code/ros2_ws/install/py_model/lib/python3.10/site-packages/py_model/model_pt/__pycache__/train.cpython-310.pyc
/root/ros/demo_code/ros2_ws/install/py_model/lib/python3.10/site-packages/py_model/model_pt/__pycache__/predict.cpython-310.pyc
/root/ros/demo_code/ros2_ws/install/py_model/share/ament_index/resource_index/packages/py_model
/root/ros/demo_code/ros2_ws/install/py_model/share/py_model/package.xml
/root/ros/demo_code/ros2_ws/install/py_model/lib/python3.10/site-packages/py_model-0.0.0-py3.10.egg-info/zip-safe
/root/ros/demo_code/ros2_ws/install/py_model/lib/python3.10/site-packages/py_model-0.0.0-py3.10.egg-info/requires.txt
/root/ros/demo_code/ros2_ws/install/py_model/lib/python3.10/site-packages/py_model-0.0.0-py3.10.egg-info/PKG-INFO
/root/ros/demo_code/ros2_ws/install/py_model/lib/python3.10/site-packages/py_model-0.0.0-py3.10.egg-info/entry_points.txt
/root/ros/demo_code/ros2_ws/install/py_model/lib/python3.10/site-packages/py_model-0.0.0-py3.10.egg-info/dependency_links.txt
/root/ros/demo_code/ros2_ws/install/py_model/lib/python3.10/site-packages/py_model-0.0.0-py3.10.egg-info/top_level.txt
/root/ros/demo_code/ros2_ws/install/py_model/lib/python3.10/site-packages/py_model-0.0.0-py3.10.egg-info/SOURCES.txt
/root/ros/demo_code/ros2_ws/install/py_model/lib/py_model/prediction
/root/ros/demo_code/ros2_ws/install/py_model/lib/py_model/sensores
