[0.453s] Invoking command in '/root/ros/demo_code/ros2_ws/src/my_package': PYTHONPATH=/root/ros/demo_code/ros2_ws/build/my_package/prefix_override:/root/ros/demo_code/ros2_ws/install/my_package/lib/python3.10/site-packages:${PYTHONPATH} /usr/bin/python3 -W ignore:setup.py install is deprecated setup.py egg_info --egg-base ../../build/my_package build --build-base /root/ros/demo_code/ros2_ws/build/my_package/build install --record /root/ros/demo_code/ros2_ws/build/my_package/install.log --single-version-externally-managed install_data
[0.552s] running egg_info
[0.552s] writing ../../build/my_package/my_package.egg-info/PKG-INFO
[0.553s] writing dependency_links to ../../build/my_package/my_package.egg-info/dependency_links.txt
[0.553s] writing entry points to ../../build/my_package/my_package.egg-info/entry_points.txt
[0.553s] writing requirements to ../../build/my_package/my_package.egg-info/requires.txt
[0.553s] writing top-level names to ../../build/my_package/my_package.egg-info/top_level.txt
[0.553s] reading manifest file '../../build/my_package/my_package.egg-info/SOURCES.txt'
[0.553s] adding license file 'LICENSE'
[0.554s] writing manifest file '../../build/my_package/my_package.egg-info/SOURCES.txt'
[0.555s] running build
[0.555s] running build_py
[0.556s] running install
[0.556s] running install_lib
[0.557s] running install_data
[0.557s] running install_egg_info
[0.558s] removing '/root/ros/demo_code/ros2_ws/install/my_package/lib/python3.10/site-packages/my_package-0.0.0-py3.10.egg-info' (and everything under it)
[0.558s] Copying ../../build/my_package/my_package.egg-info to /root/ros/demo_code/ros2_ws/install/my_package/lib/python3.10/site-packages/my_package-0.0.0-py3.10.egg-info
[0.558s] running install_scripts
[0.567s] Installing my_node script to /root/ros/demo_code/ros2_ws/install/my_package/lib/my_package
[0.567s] writing list of installed files to '/root/ros/demo_code/ros2_ws/build/my_package/install.log'
[0.591s] Invoked command in '/root/ros/demo_code/ros2_ws/src/my_package' returned '0': PYTHONPATH=/root/ros/demo_code/ros2_ws/build/my_package/prefix_override:/root/ros/demo_code/ros2_ws/install/my_package/lib/python3.10/site-packages:${PYTHONPATH} /usr/bin/python3 -W ignore:setup.py install is deprecated setup.py egg_info --egg-base ../../build/my_package build --build-base /root/ros/demo_code/ros2_ws/build/my_package/build install --record /root/ros/demo_code/ros2_ws/build/my_package/install.log --single-version-externally-managed install_data
