running egg_info
creating ../../build/my_package/my_package.egg-info
writing ../../build/my_package/my_package.egg-info/PKG-INFO
writing dependency_links to ../../build/my_package/my_package.egg-info/dependency_links.txt
writing entry points to ../../build/my_package/my_package.egg-info/entry_points.txt
writing requirements to ../../build/my_package/my_package.egg-info/requires.txt
writing top-level names to ../../build/my_package/my_package.egg-info/top_level.txt
writing manifest file '../../build/my_package/my_package.egg-info/SOURCES.txt'
reading manifest file '../../build/my_package/my_package.egg-info/SOURCES.txt'
adding license file 'LICENSE'
writing manifest file '../../build/my_package/my_package.egg-info/SOURCES.txt'
running build
running build_py
creating /root/ros/demo_code/ros2_ws/build/my_package/build
creating /root/ros/demo_code/ros2_ws/build/my_package/build/lib
creating /root/ros/demo_code/ros2_ws/build/my_package/build/lib/my_package
copying my_package/my_node.py -> /root/ros/demo_code/ros2_ws/build/my_package/build/lib/my_package
copying my_package/__init__.py -> /root/ros/demo_code/ros2_ws/build/my_package/build/lib/my_package
running install
running install_lib
creating /root/ros/demo_code/ros2_ws/install/my_package/lib/python3.10/site-packages/my_package
copying /root/ros/demo_code/ros2_ws/build/my_package/build/lib/my_package/my_node.py -> /root/ros/demo_code/ros2_ws/install/my_package/lib/python3.10/site-packages/my_package
copying /root/ros/demo_code/ros2_ws/build/my_package/build/lib/my_package/__init__.py -> /root/ros/demo_code/ros2_ws/install/my_package/lib/python3.10/site-packages/my_package
byte-compiling /root/ros/demo_code/ros2_ws/install/my_package/lib/python3.10/site-packages/my_package/my_node.py to my_node.cpython-310.pyc
byte-compiling /root/ros/demo_code/ros2_ws/install/my_package/lib/python3.10/site-packages/my_package/__init__.py to __init__.cpython-310.pyc
running install_data
creating /root/ros/demo_code/ros2_ws/install/my_package/share/ament_index
creating /root/ros/demo_code/ros2_ws/install/my_package/share/ament_index/resource_index
creating /root/ros/demo_code/ros2_ws/install/my_package/share/ament_index/resource_index/packages
copying resource/my_package -> /root/ros/demo_code/ros2_ws/install/my_package/share/ament_index/resource_index/packages
copying package.xml -> /root/ros/demo_code/ros2_ws/install/my_package/share/my_package
running install_egg_info
Copying ../../build/my_package/my_package.egg-info to /root/ros/demo_code/ros2_ws/install/my_package/lib/python3.10/site-packages/my_package-0.0.0-py3.10.egg-info
running install_scripts
Installing my_node script to /root/ros/demo_code/ros2_ws/install/my_package/lib/my_package
writing list of installed files to '/root/ros/demo_code/ros2_ws/build/my_package/install.log'
