[0.253s] Invoking command in '/root/ros/demo_code/ros2_ws/src/my_package': PYTHONPATH=/root/ros/demo_code/ros2_ws/build/my_package/prefix_override:/root/ros/demo_code/ros2_ws/install/my_package/lib/python3.10/site-packages:${PYTHONPATH} /usr/bin/python3 -W ignore:setup.py install is deprecated setup.py egg_info --egg-base ../../build/my_package build --build-base /root/ros/demo_code/ros2_ws/build/my_package/build install --record /root/ros/demo_code/ros2_ws/build/my_package/install.log --single-version-externally-managed install_data
[0.338s] running egg_info
[0.338s] creating ../../build/my_package/my_package.egg-info
[0.338s] writing ../../build/my_package/my_package.egg-info/PKG-INFO
[0.338s] writing dependency_links to ../../build/my_package/my_package.egg-info/dependency_links.txt
[0.338s] writing entry points to ../../build/my_package/my_package.egg-info/entry_points.txt
[0.338s] writing requirements to ../../build/my_package/my_package.egg-info/requires.txt
[0.338s] writing top-level names to ../../build/my_package/my_package.egg-info/top_level.txt
[0.339s] writing manifest file '../../build/my_package/my_package.egg-info/SOURCES.txt'
[0.339s] reading manifest file '../../build/my_package/my_package.egg-info/SOURCES.txt'
[0.339s] adding license file 'LICENSE'
[0.340s] writing manifest file '../../build/my_package/my_package.egg-info/SOURCES.txt'
[0.340s] running build
[0.340s] running build_py
[0.340s] creating /root/ros/demo_code/ros2_ws/build/my_package/build
[0.340s] creating /root/ros/demo_code/ros2_ws/build/my_package/build/lib
[0.340s] creating /root/ros/demo_code/ros2_ws/build/my_package/build/lib/my_package
[0.340s] copying my_package/my_node.py -> /root/ros/demo_code/ros2_ws/build/my_package/build/lib/my_package
[0.340s] copying my_package/__init__.py -> /root/ros/demo_code/ros2_ws/build/my_package/build/lib/my_package
[0.341s] running install
[0.341s] running install_lib
[0.341s] creating /root/ros/demo_code/ros2_ws/install/my_package/lib/python3.10/site-packages/my_package
[0.341s] copying /root/ros/demo_code/ros2_ws/build/my_package/build/lib/my_package/my_node.py -> /root/ros/demo_code/ros2_ws/install/my_package/lib/python3.10/site-packages/my_package
[0.342s] copying /root/ros/demo_code/ros2_ws/build/my_package/build/lib/my_package/__init__.py -> /root/ros/demo_code/ros2_ws/install/my_package/lib/python3.10/site-packages/my_package
[0.342s] byte-compiling /root/ros/demo_code/ros2_ws/install/my_package/lib/python3.10/site-packages/my_package/my_node.py to my_node.cpython-310.pyc
[0.342s] byte-compiling /root/ros/demo_code/ros2_ws/install/my_package/lib/python3.10/site-packages/my_package/__init__.py to __init__.cpython-310.pyc
[0.342s] running install_data
[0.342s] creating /root/ros/demo_code/ros2_ws/install/my_package/share/ament_index
[0.343s] creating /root/ros/demo_code/ros2_ws/install/my_package/share/ament_index/resource_index
[0.343s] creating /root/ros/demo_code/ros2_ws/install/my_package/share/ament_index/resource_index/packages
[0.343s] copying resource/my_package -> /root/ros/demo_code/ros2_ws/install/my_package/share/ament_index/resource_index/packages
[0.343s] copying package.xml -> /root/ros/demo_code/ros2_ws/install/my_package/share/my_package
[0.343s] running install_egg_info
[0.343s] Copying ../../build/my_package/my_package.egg-info to /root/ros/demo_code/ros2_ws/install/my_package/lib/python3.10/site-packages/my_package-0.0.0-py3.10.egg-info
[0.344s] running install_scripts
[0.352s] Installing my_node script to /root/ros/demo_code/ros2_ws/install/my_package/lib/my_package
[0.353s] writing list of installed files to '/root/ros/demo_code/ros2_ws/build/my_package/install.log'
[0.363s] Invoked command in '/root/ros/demo_code/ros2_ws/src/my_package' returned '0': PYTHONPATH=/root/ros/demo_code/ros2_ws/build/my_package/prefix_override:/root/ros/demo_code/ros2_ws/install/my_package/lib/python3.10/site-packages:${PYTHONPATH} /usr/bin/python3 -W ignore:setup.py install is deprecated setup.py egg_info --egg-base ../../build/my_package build --build-base /root/ros/demo_code/ros2_ws/build/my_package/build install --record /root/ros/demo_code/ros2_ws/build/my_package/install.log --single-version-externally-managed install_data
